Unity Editor version:    2022.3.12f1 (4fe6e059c7ef)
Branch:                  2022.3/release
Build type:              Release
Batch mode:              YES
macOS version:           Version 13.3.1 (a) (Build 22E772610a)
Darwin version:          22.4.0
Architecture:            x86_64
Running under Rosetta:   NO
Available memory:        16384 MB
Using pre-set license
Pro License: YES

COMMAND LINE ARGUMENTS:
/Applications/Unity/Hub/Editor/2022.3.12f1/Unity.app/Contents/MacOS/Unity
-adb2
-batchMode
-noUpm
-name
AssetImportWorker5
-projectPath
/Users/power/Documents/ITU/Programming for Designers/Programming_For_Designers_1.nosync
-logFile
Logs/AssetImportWorker5.log
-srvPort
60080
Successfully changed project path to: /Users/power/Documents/ITU/Programming for Designers/Programming_For_Designers_1.nosync
/Users/power/Documents/ITU/Programming for Designers/Programming_For_Designers_1.nosync
[UnityMemory] Configuration Parameters - Can be set up in boot.config
    "memorysetup-bucket-allocator-granularity=16"
    "memorysetup-bucket-allocator-bucket-count=8"
    "memorysetup-bucket-allocator-block-size=33554432"
    "memorysetup-bucket-allocator-block-count=8"
    "memorysetup-main-allocator-block-size=16777216"
    "memorysetup-thread-allocator-block-size=16777216"
    "memorysetup-gfx-main-allocator-block-size=16777216"
    "memorysetup-gfx-thread-allocator-block-size=16777216"
    "memorysetup-cache-allocator-block-size=4194304"
    "memorysetup-typetree-allocator-block-size=2097152"
    "memorysetup-profiler-bucket-allocator-granularity=16"
    "memorysetup-profiler-bucket-allocator-bucket-count=8"
    "memorysetup-profiler-bucket-allocator-block-size=33554432"
    "memorysetup-profiler-bucket-allocator-block-count=8"
    "memorysetup-profiler-allocator-block-size=16777216"
    "memorysetup-profiler-editor-allocator-block-size=1048576"
    "memorysetup-temp-allocator-size-main=16777216"
    "memorysetup-job-temp-allocator-block-size=2097152"
    "memorysetup-job-temp-allocator-block-size-background=1048576"
    "memorysetup-job-temp-allocator-reduction-small-platforms=262144"
    "memorysetup-allocator-temp-initial-block-size-main=262144"
    "memorysetup-allocator-temp-initial-block-size-worker=262144"
    "memorysetup-temp-allocator-size-background-worker=32768"
    "memorysetup-temp-allocator-size-job-worker=262144"
    "memorysetup-temp-allocator-size-preload-manager=33554432"
    "memorysetup-temp-allocator-size-nav-mesh-worker=65536"
    "memorysetup-temp-allocator-size-audio-worker=65536"
    "memorysetup-temp-allocator-size-cloud-worker=32768"
    "memorysetup-temp-allocator-size-gi-baking-worker=262144"
    "memorysetup-temp-allocator-size-gfx=262144"
Player connection [140704414880576] Host "[IP] 192.168.1.92 [Port] 0 [Flags] 2 [Guid] 2658879772 [EditorId] 2658879772 [Version] 1048832 [Id] OSXEditor(0,FriiPauonHentze.lan) [Debug] 1 [PackageName] OSXEditor [ProjectName] Editor" joined multi-casting on [225.0.0.222:54997]...

Player connection [140704414880576] Host "[IP] 192.168.1.92 [Port] 0 [Flags] 2 [Guid] 2658879772 [EditorId] 2658879772 [Version] 1048832 [Id] OSXEditor(0,FriiPauonHentze.lan) [Debug] 1 [PackageName] OSXEditor [ProjectName] Editor" joined alternative multi-casting on [225.0.0.222:34997]...

[Physics::Module] Initialized MultithreadedJobDispatcher with 11 workers.
Refreshing native plugins compatible for Editor in 54.77 ms, found 3 plugins.
Preloading 0 native plugins for Editor in 0.00 ms.
Initialize engine version: 2022.3.12f1 (4fe6e059c7ef)
[Subsystems] Discovering subsystems at path /Applications/Unity/Hub/Editor/2022.3.12f1/Unity.app/Contents/Resources/UnitySubsystems
[Subsystems] Discovering subsystems at path /Users/power/Documents/ITU/Programming for Designers/Programming_For_Designers_1.nosync/Assets
GfxDevice: creating device client; threaded=0; jobified=0
Color LCD preferred device: AMD Radeon Pro 5300M (high power)
Metal devices available: 2
0: AMD Radeon Pro 5300M (high power)
1: Intel(R) UHD Graphics 630 (low power)
Using device AMD Radeon Pro 5300M (high power)
Initializing Metal device caps: AMD Radeon Pro 5300M
Initialize mono
Mono path[0] = '/Applications/Unity/Hub/Editor/2022.3.12f1/Unity.app/Contents/Managed'
Mono path[1] = '/Applications/Unity/Hub/Editor/2022.3.12f1/Unity.app/Contents/MonoBleedingEdge/lib/mono/unityjit-macos'
Mono config path = '/Applications/Unity/Hub/Editor/2022.3.12f1/Unity.app/Contents/MonoBleedingEdge/etc'
Using monoOptions --debugger-agent=transport=dt_socket,embedding=1,server=y,suspend=n,address=127.0.0.1:56568
Begin MonoManager ReloadAssembly
Registering precompiled unity dll's ...
Register platform support module: /Applications/Unity/Hub/Editor/2022.3.12f1/Unity.app/Contents/PlaybackEngines/MacStandaloneSupport/UnityEditor.OSXStandalone.Extensions.dll
Registered in 0.005368 seconds.
- Loaded All Assemblies, in  0.729 seconds
Native extension for OSXStandalone target not found
Mono: successfully reloaded assembly
- Finished resetting the current domain, in  0.443 seconds
Domain Reload Profiling: 1178ms
	BeginReloadAssembly (294ms)
		ExecutionOrderSort (0ms)
		DisableScriptedObjects (0ms)
		BackupInstance (0ms)
		ReleaseScriptingObjects (0ms)
		CreateAndSetChildDomain (1ms)
	RebuildCommonClasses (66ms)
	RebuildNativeTypeToScriptingClass (20ms)
	initialDomainReloadingComplete (92ms)
	LoadAllAssembliesAndSetupDomain (262ms)
		LoadAssemblies (295ms)
		RebuildTransferFunctionScriptingTraits (0ms)
		AnalyzeDomain (251ms)
			TypeCache.Refresh (248ms)
				TypeCache.ScanAssembly (226ms)
			ScanForSourceGeneratedMonoScriptInfo (1ms)
			ResolveRequiredComponents (1ms)
	FinalizeReload (444ms)
		ReleaseScriptCaches (0ms)
		RebuildScriptCaches (0ms)
		SetupLoadedEditorAssemblies (337ms)
			LogAssemblyErrors (0ms)
			InitializePlatformSupportModulesInManaged (12ms)
			SetLoadedEditorAssemblies (12ms)
			RefreshPlugins (0ms)
			BeforeProcessingInitializeOnLoad (4ms)
			ProcessInitializeOnLoadAttributes (231ms)
			ProcessInitializeOnLoadMethodAttributes (77ms)
			AfterProcessingInitializeOnLoad (0ms)
			EditorAssembliesLoaded (0ms)
		ExecutionOrderSort2 (0ms)
		AwakeInstancesAfterBackupRestoration (0ms)
========================================================================
Worker process is ready to serve import requests
Begin MonoManager ReloadAssembly
Duplicate assembly 'log4net.dll' with different versions detected, using 'Packages/com.unity.package-validation-suite/Lib/Editor/log4net.dll, AssemblyName=log4net, Version=2.0.8.0, Culture=neutral, PublicKeyToken=669e0ddf0bb1aa2a' and ignoring 'Packages/com.unity.collab-proxy/Lib/Editor/PlasticSCM/log4netPlastic.dll, AssemblyName=log4net, Version=1.2.15.0, Culture=neutral, PublicKeyToken=669e0ddf0bb1aa2a'.- Loaded All Assemblies, in  1.242 seconds
Refreshing native plugins compatible for Editor in 4.87 ms, found 3 plugins.
Native extension for OSXStandalone target not found
Package Manager log level set to [2]
[Package Manager] Server::EnsureServerProcessIsRunning -- launch failed, reason: Unity was launched with the -noUpm command-line argument
[Package Manager] UpmClient::Send -- Unable to send message (not connected to UPM process).
[Package Manager] Cannot connect to Unity Package Manager local server
Mono: successfully reloaded assembly
- Finished resetting the current domain, in  1.129 seconds
Domain Reload Profiling: 2371ms
	BeginReloadAssembly (216ms)
		ExecutionOrderSort (0ms)
		DisableScriptedObjects (9ms)
		BackupInstance (0ms)
		ReleaseScriptingObjects (0ms)
		CreateAndSetChildDomain (45ms)
	RebuildCommonClasses (63ms)
	RebuildNativeTypeToScriptingClass (20ms)
	initialDomainReloadingComplete (68ms)
	LoadAllAssembliesAndSetupDomain (875ms)
		LoadAssemblies (610ms)
		RebuildTransferFunctionScriptingTraits (0ms)
		AnalyzeDomain (367ms)
			TypeCache.Refresh (307ms)
				TypeCache.ScanAssembly (278ms)
			ScanForSourceGeneratedMonoScriptInfo (46ms)
			ResolveRequiredComponents (11ms)
	FinalizeReload (1130ms)
		ReleaseScriptCaches (0ms)
		RebuildScriptCaches (0ms)
		SetupLoadedEditorAssemblies (825ms)
			LogAssemblyErrors (0ms)
			InitializePlatformSupportModulesInManaged (6ms)
			SetLoadedEditorAssemblies (9ms)
			RefreshPlugins (0ms)
			BeforeProcessingInitializeOnLoad (111ms)
			ProcessInitializeOnLoadAttributes (637ms)
			ProcessInitializeOnLoadMethodAttributes (59ms)
			AfterProcessingInitializeOnLoad (2ms)
			EditorAssembliesLoaded (0ms)
		ExecutionOrderSort2 (0ms)
		AwakeInstancesAfterBackupRestoration (6ms)
Launching external process: /Applications/Unity/Hub/Editor/2022.3.12f1/Unity.app/Contents/Tools/UnityShaderCompiler
Launched and connected shader compiler UnityShaderCompiler after 0.12 seconds
Refreshing native plugins compatible for Editor in 4.60 ms, found 3 plugins.
Preloading 0 native plugins for Editor in 0.00 ms.
Unloading 4755 Unused Serialized files (Serialized files now loaded: 0)
Unloading 89 unused Assets / (1.3 MB). Loaded Objects now: 5202.
Memory consumption went from 178.5 MB to 177.2 MB.
Total: 6.066361 ms (FindLiveObjects: 0.403652 ms CreateObjectMapping: 0.389199 ms MarkObjects: 4.824564 ms  DeleteObjects: 0.447800 ms)

AssetImportParameters requested are different than current active one (requested -> active):
  custom:container-demuxer-ogg: 62fdf1f143b41e24485cea50d1cbac27 -> 
  custom:video-decoder-ogg-theora: a1e56fd34408186e4bbccfd4996cb3dc -> 
  custom:CustomObjectIndexerAttribute: 756ad292c208cfabdd7b50bc23989ffe -> 
  custom:container-demuxer-webm: 4f35f7cbe854078d1ac9338744f61a02 -> 
  custom:container-muxer-webm: aa71ff27fc2769a1b78a27578f13a17b -> 
  custom:video-decoder-webm-vp8: 9c59270c3fd7afecdb556c50c9e8de78 -> 
  custom:SearchIndexIgnoredProperties: e643bd26f0fe6173181afceb89e7c659 -> 
  custom:AudioImporter_EditorPlatform: 3918e3fc78b5a79bad01e8451be0beb8 -> 
  custom:framework-osx-AVFoundation: e770b220cccbd017edd2c1fefb359320 -> 
  custom:video-encoder-webm-vp8: eb34c28f22e8b96e1ab97ce403110664 -> 
  custom:audio-decoder-ogg-vorbis: bf7c407c2cedff20999df2af8eb42d56 -> 
  custom:audio-encoder-webm-vorbis: bf7c407c2cedff20999df2af8eb42d56 -> 
========================================================================
Received Import Request.
  Time since last request: 34634.192718 seconds.
  path: Assets/Nature_pixel_art_assets/Nature_tiles_01/nature_environment_01_2.asset
  artifactKey: Guid(9ea4d1f38d1648348aac4c7be6c6fdad) Importer(815301076,1909f56bfc062723c751e8b465ee728b)
Start importing Assets/Nature_pixel_art_assets/Nature_tiles_01/nature_environment_01_2.asset using Guid(9ea4d1f38d1648348aac4c7be6c6fdad) Importer(815301076,1909f56bfc062723c751e8b465ee728b)  -> (artifact id: '0a481ca1e0bb956b6eea15de2e6d1352') in 0.123722 seconds
Number of updated asset objects reloaded before import = 0
Number of asset objects unloaded after import = 3
========================================================================
Received Import Request.
  Time since last request: 0.000119 seconds.
  path: Assets/Nature_pixel_art_assets/Nature_tiles_01/nature_environment_01_14.asset
  artifactKey: Guid(58bf6fe499c773148835b1317df47e43) Importer(815301076,1909f56bfc062723c751e8b465ee728b)
Start importing Assets/Nature_pixel_art_assets/Nature_tiles_01/nature_environment_01_14.asset using Guid(58bf6fe499c773148835b1317df47e43) Importer(815301076,1909f56bfc062723c751e8b465ee728b)  -> (artifact id: 'd113c6ef372d090d07451fd3334c1f08') in 0.011911 seconds
Number of updated asset objects reloaded before import = 0
Number of asset objects unloaded after import = 3
========================================================================
Received Import Request.
  Time since last request: 0.000082 seconds.
  path: Assets/Nature_pixel_art_assets/Nature_tiles_01/nature_environment_01_19.asset
  artifactKey: Guid(5cad1f295968b9540a2900c644a2de18) Importer(815301076,1909f56bfc062723c751e8b465ee728b)
Start importing Assets/Nature_pixel_art_assets/Nature_tiles_01/nature_environment_01_19.asset using Guid(5cad1f295968b9540a2900c644a2de18) Importer(815301076,1909f56bfc062723c751e8b465ee728b)  -> (artifact id: '9b8949188784c6b8818a2fecf67f5731') in 0.009838 seconds
Number of updated asset objects reloaded before import = 0
Number of asset objects unloaded after import = 3
========================================================================
Received Import Request.
  Time since last request: 0.000071 seconds.
  path: Assets/Nature_pixel_art_assets/Nature_tiles_01/nature_environment_01_3.asset
  artifactKey: Guid(fb4007b597714824bb4594d5d930448c) Importer(815301076,1909f56bfc062723c751e8b465ee728b)
Start importing Assets/Nature_pixel_art_assets/Nature_tiles_01/nature_environment_01_3.asset using Guid(fb4007b597714824bb4594d5d930448c) Importer(815301076,1909f56bfc062723c751e8b465ee728b)  -> (artifact id: '8f573a941d95ffd43841a85ab81027fa') in 0.010639 seconds
Number of updated asset objects reloaded before import = 0
Number of asset objects unloaded after import = 3
========================================================================
Received Import Request.
  Time since last request: 0.000088 seconds.
  path: Assets/Nature_pixel_art_assets/Nature_tiles_01/nature_environment_01_20.asset
  artifactKey: Guid(7b5a2d31a0ae1ce4883928e9d5aa6eb2) Importer(815301076,1909f56bfc062723c751e8b465ee728b)
Start importing Assets/Nature_pixel_art_assets/Nature_tiles_01/nature_environment_01_20.asset using Guid(7b5a2d31a0ae1ce4883928e9d5aa6eb2) Importer(815301076,1909f56bfc062723c751e8b465ee728b)  -> (artifact id: '4f3a5428b94164ae266ba5da569c4fa6') in 0.010864 seconds
Number of updated asset objects reloaded before import = 0
Number of asset objects unloaded after import = 3
========================================================================
Received Import Request.
  Time since last request: 0.780629 seconds.
  path: Assets/Nature_pixel_art_assets/Nature_tiles_01/nature_environment_01_23.asset
  artifactKey: Guid(90daa546f7822124ebece44e698a9db9) Importer(815301076,1909f56bfc062723c751e8b465ee728b)
Start importing Assets/Nature_pixel_art_assets/Nature_tiles_01/nature_environment_01_23.asset using Guid(90daa546f7822124ebece44e698a9db9) Importer(815301076,1909f56bfc062723c751e8b465ee728b)  -> (artifact id: '286a221a77ea79989db62fd9d7f4323d') in 0.009261 seconds
Number of updated asset objects reloaded before import = 0
Number of asset objects unloaded after import = 3
========================================================================
Received Import Request.
  Time since last request: 0.085527 seconds.
  path: Assets/Nature_pixel_art_assets/Nature_tiles_01/nature_environment_01_28.asset
  artifactKey: Guid(6967eb696fdf710419c01d1cecbe402b) Importer(815301076,1909f56bfc062723c751e8b465ee728b)
Start importing Assets/Nature_pixel_art_assets/Nature_tiles_01/nature_environment_01_28.asset using Guid(6967eb696fdf710419c01d1cecbe402b) Importer(815301076,1909f56bfc062723c751e8b465ee728b)  -> (artifact id: '21cba5cbd9d79fa6ef08796546a4263f') in 0.009785 seconds
Number of updated asset objects reloaded before import = 0
Number of asset objects unloaded after import = 3
========================================================================
Received Import Request.
  Time since last request: 0.004248 seconds.
  path: Assets/Nature_pixel_art_assets/Nature_tiles_01/nature_environment_01_31.asset
  artifactKey: Guid(4a52573e169b6a6448cac353b784bcf8) Importer(815301076,1909f56bfc062723c751e8b465ee728b)
Start importing Assets/Nature_pixel_art_assets/Nature_tiles_01/nature_environment_01_31.asset using Guid(4a52573e169b6a6448cac353b784bcf8) Importer(815301076,1909f56bfc062723c751e8b465ee728b)  -> (artifact id: '0441a684cbbe116913035de894a7ab79') in 0.009024 seconds
Number of updated asset objects reloaded before import = 0
Number of asset objects unloaded after import = 3
========================================================================
Received Import Request.
  Time since last request: 0.000069 seconds.
  path: Assets/Nature_pixel_art_assets/Nature_tiles_01/nature_environment_01_33.asset
  artifactKey: Guid(172d08bcb53dccf42bb2c64bbb58474b) Importer(815301076,1909f56bfc062723c751e8b465ee728b)
Start importing Assets/Nature_pixel_art_assets/Nature_tiles_01/nature_environment_01_33.asset using Guid(172d08bcb53dccf42bb2c64bbb58474b) Importer(815301076,1909f56bfc062723c751e8b465ee728b)  -> (artifact id: 'd2e8f9a7d9bf8164b0d95bb905933144') in 0.009359 seconds
Number of updated asset objects reloaded before import = 0
Number of asset objects unloaded after import = 3
========================================================================
Received Import Request.
  Time since last request: 0.046562 seconds.
  path: Assets/Nature_pixel_art_assets/Nature_tiles_01/nature_environment_01_38.asset
  artifactKey: Guid(96ff7485d27efed49b137a40bbb7216d) Importer(815301076,1909f56bfc062723c751e8b465ee728b)
Start importing Assets/Nature_pixel_art_assets/Nature_tiles_01/nature_environment_01_38.asset using Guid(96ff7485d27efed49b137a40bbb7216d) Importer(815301076,1909f56bfc062723c751e8b465ee728b)  -> (artifact id: '2076004b3ac634ca00775808bdec2ab6') in 0.009382 seconds
Number of updated asset objects reloaded before import = 0
Number of asset objects unloaded after import = 3
========================================================================
Received Import Request.
  Time since last request: 0.062177 seconds.
  path: Assets/Nature_pixel_art_assets/Nature_tiles_01/nature_environment_01_43.asset
  artifactKey: Guid(a007b63f9d7900648b256cb0401ffd91) Importer(815301076,1909f56bfc062723c751e8b465ee728b)
Start importing Assets/Nature_pixel_art_assets/Nature_tiles_01/nature_environment_01_43.asset using Guid(a007b63f9d7900648b256cb0401ffd91) Importer(815301076,1909f56bfc062723c751e8b465ee728b)  -> (artifact id: '5457a2d1708a78bfe9ff6d5ed9704bd8') in 0.030808 seconds
Number of updated asset objects reloaded before import = 0
Number of asset objects unloaded after import = 3
========================================================================
Received Import Request.
  Time since last request: 0.000254 seconds.
  path: Assets/Nature_pixel_art_assets/Nature_tiles_01/nature_environment_01_45.asset
  artifactKey: Guid(d6f348fcc415f09449722f37c91aaab9) Importer(815301076,1909f56bfc062723c751e8b465ee728b)
Start importing Assets/Nature_pixel_art_assets/Nature_tiles_01/nature_environment_01_45.asset using Guid(d6f348fcc415f09449722f37c91aaab9) Importer(815301076,1909f56bfc062723c751e8b465ee728b)  -> (artifact id: '324d068a94e2fba77ba2a7bd7348c529') in 0.022566 seconds
Number of updated asset objects reloaded before import = 0
Number of asset objects unloaded after import = 3
========================================================================
Received Import Request.
  Time since last request: 0.041154 seconds.
  path: Assets/Nature_pixel_art_assets/Nature_tiles_01/nature_environment_01_48.asset
  artifactKey: Guid(a8b248f8091ec9a4385f9c64c5a99333) Importer(815301076,1909f56bfc062723c751e8b465ee728b)
Start importing Assets/Nature_pixel_art_assets/Nature_tiles_01/nature_environment_01_48.asset using Guid(a8b248f8091ec9a4385f9c64c5a99333) Importer(815301076,1909f56bfc062723c751e8b465ee728b)  -> (artifact id: 'fbddb44ad50ca4821be3766e311c032e') in 0.031421 seconds
Number of updated asset objects reloaded before import = 0
Number of asset objects unloaded after import = 3
========================================================================
Received Import Request.
  Time since last request: 0.343246 seconds.
  path: Assets/Nature_pixel_art_assets/Nature_tiles_01/nature_environment_01_53.asset
  artifactKey: Guid(7c75b8ab7aaabf54d9431dab6c7b4c86) Importer(815301076,1909f56bfc062723c751e8b465ee728b)
Start importing Assets/Nature_pixel_art_assets/Nature_tiles_01/nature_environment_01_53.asset using Guid(7c75b8ab7aaabf54d9431dab6c7b4c86) Importer(815301076,1909f56bfc062723c751e8b465ee728b)  -> (artifact id: 'd912b2d67d48e2591caf1ff1d422a9bf') in 0.009341 seconds
Number of updated asset objects reloaded before import = 0
Number of asset objects unloaded after import = 3
========================================================================
Received Import Request.
  Time since last request: 0.000059 seconds.
  path: Assets/Nature_pixel_art_assets/Nature_tiles_01/nature_environment_01_55.asset
  artifactKey: Guid(f2e5947c1730eea41b86ee788040d851) Importer(815301076,1909f56bfc062723c751e8b465ee728b)
Start importing Assets/Nature_pixel_art_assets/Nature_tiles_01/nature_environment_01_55.asset using Guid(f2e5947c1730eea41b86ee788040d851) Importer(815301076,1909f56bfc062723c751e8b465ee728b)  -> (artifact id: '3e2c107cc9774395dec4248c088074a0') in 0.007919 seconds
Number of updated asset objects reloaded before import = 0
Number of asset objects unloaded after import = 3
========================================================================
Received Import Request.
  Time since last request: 0.325655 seconds.
  path: Assets/Nature_pixel_art_assets/Nature_tiles_01/nature_environment_01_58.asset
  artifactKey: Guid(dda74bf3b6f8975449c615434310cbac) Importer(815301076,1909f56bfc062723c751e8b465ee728b)
Start importing Assets/Nature_pixel_art_assets/Nature_tiles_01/nature_environment_01_58.asset using Guid(dda74bf3b6f8975449c615434310cbac) Importer(815301076,1909f56bfc062723c751e8b465ee728b)  -> (artifact id: 'e2d4aaf617212b521a31f9cf6ecaf9e3') in 0.008986 seconds
Number of updated asset objects reloaded before import = 0
Number of asset objects unloaded after import = 3
========================================================================
Received Import Request.
  Time since last request: 0.000080 seconds.
  path: Assets/Nature_pixel_art_assets/Nature_tiles_01/nature_environment_01_59.asset
  artifactKey: Guid(c4b99341b083db343b56e1e25fdc1906) Importer(815301076,1909f56bfc062723c751e8b465ee728b)
Start importing Assets/Nature_pixel_art_assets/Nature_tiles_01/nature_environment_01_59.asset using Guid(c4b99341b083db343b56e1e25fdc1906) Importer(815301076,1909f56bfc062723c751e8b465ee728b)  -> (artifact id: '4ca4e4f2d2f9b8ff4780a2219064f936') in 0.010004 seconds
Number of updated asset objects reloaded before import = 0
Number of asset objects unloaded after import = 3
========================================================================
Received Import Request.
  Time since last request: 0.092516 seconds.
  path: Assets/Nature_pixel_art_assets/Nature_tiles_01/nature_environment_01_63.asset
  artifactKey: Guid(cd736c9958b9f87439bfad4ed2cf5036) Importer(815301076,1909f56bfc062723c751e8b465ee728b)
Start importing Assets/Nature_pixel_art_assets/Nature_tiles_01/nature_environment_01_63.asset using Guid(cd736c9958b9f87439bfad4ed2cf5036) Importer(815301076,1909f56bfc062723c751e8b465ee728b)  -> (artifact id: 'c8078321d80427f0af3347d927704411') in 0.008905 seconds
Number of updated asset objects reloaded before import = 0
Number of asset objects unloaded after import = 3
========================================================================
Received Import Request.
  Time since last request: 0.062537 seconds.
  path: Assets/Nature_pixel_art_assets/Nature_tiles_01/nature_environment_01_68.asset
  artifactKey: Guid(d49c2ba1ccd3a88489a149f9fee52c05) Importer(815301076,1909f56bfc062723c751e8b465ee728b)
Start importing Assets/Nature_pixel_art_assets/Nature_tiles_01/nature_environment_01_68.asset using Guid(d49c2ba1ccd3a88489a149f9fee52c05) Importer(815301076,1909f56bfc062723c751e8b465ee728b)  -> (artifact id: '6e573cc5302323d46ce3e5e348e9bee1') in 0.008781 seconds
Number of updated asset objects reloaded before import = 0
Number of asset objects unloaded after import = 3
========================================================================
Received Import Request.
  Time since last request: 0.164804 seconds.
  path: Assets/Nature_pixel_art_assets/Nature_tiles_01/nature_environment_01_73.asset
  artifactKey: Guid(879e53da5d456be41a5e1bbb6ab6f7b4) Importer(815301076,1909f56bfc062723c751e8b465ee728b)
Start importing Assets/Nature_pixel_art_assets/Nature_tiles_01/nature_environment_01_73.asset using Guid(879e53da5d456be41a5e1bbb6ab6f7b4) Importer(815301076,1909f56bfc062723c751e8b465ee728b)  -> (artifact id: 'ba03fa3539f854a145a0b091137c6f67') in 0.009439 seconds
Number of updated asset objects reloaded before import = 0
Number of asset objects unloaded after import = 3
Editor requested this worker to shutdown with reason: Scaling down because of idle timeout
TcpMessagingSession - receive error: operation aborted. errorcode: 89, details: Operation aborted.
AssetImportWorker is now disconnected from the server
Process exiting
